<?xml version="1.0" encoding="UTF-8"?>
<!-- Generated by org.testng.reporters.JUnitXMLReporter -->
<testsuite hostname="MAYTINH-6IQQQN0" name="Test_Demo_01" tests="8" failures="0" timestamp="15 Apr 2017 09:33:20 GMT" time="0.123" errors="0">
  <testcase name="Test_Demo_02" time="0.022" classname="webdriver_10_testng.TestNG_Demo"/>
  <testcase name="Test_Demo_03" time="0.004" classname="webdriver_10_testng.TestNG_Demo"/>
  <testcase name="Test_Demo_04" time="0.002" classname="webdriver_10_testng.TestNG_Demo"/>
  <testcase name="Test_Demo_05" time="0.008" classname="webdriver_10_testng.TestNG_Demo"/>
  <testcase name="Test_Demo_07" time="0.005" classname="webdriver_10_testng.TestNG_Demo"/>
  <testcase name="Test_Demo_08" time="0.005" classname="webdriver_10_testng.TestNG_Demo"/>
  <testcase name="Test_Demo_09" time="0.002" classname="webdriver_10_testng.TestNG_Demo"/>
  <testcase name="Test_Demo_10" time="0.002" classname="webdriver_10_testng.TestNG_Demo"/>
</testsuite> <!-- Test_Demo_01 -->
